<?xml version="1.0" encoding="UTF-8"?>
<!-- Generated by org.testng.reporters.JUnitXMLReporter -->
<testsuite hostname="M5291282" ignored="0" name="Test" tests="7" failures="0" timestamp="2020-10-22T10:59:23 IST" time="31.169" errors="0">
  <testcase name="getStatus" time="11.125" classname="com.adidas.APIAutomation.GetAvailablePets"/>
  <testcase name="testData" time="7.752" classname="com.adidas.APIAutomation.AddNewPet"/>
  <testcase name="validateAddedPet" time="2.373" classname="com.adidas.APIAutomation.AddNewPet"/>
  <testcase name="testData" time="4.093" classname="com.adidas.APIAutomation.UpdatePetStatus"/>
  <testcase name="validatePutRequest" time="1.85" classname="com.adidas.APIAutomation.UpdatePetStatus"/>
  <testcase name="deletePet" time="1.81" classname="com.adidas.APIAutomation.DeletePet"/>
  <testcase name="validateDeletedPet" time="1.929" classname="com.adidas.APIAutomation.DeletePet"/>
</testsuite> <!-- Test -->
