<?xml version="1.0" encoding="UTF-8"?>
<!-- Generated by org.testng.reporters.JUnitXMLReporter -->
<testsuite hostname="M5291282" ignored="0" name="Test" tests="7" failures="0" timestamp="2020-10-24T22:48:32 IST" time="29.033" errors="0">
  <testcase name="getStatus" time="11.246" classname="com.adidas.APIAutomation.GetAvailablePets"/>
  <testcase name="testData" time="6.681" classname="com.adidas.APIAutomation.AddNewPet"/>
  <testcase name="validateAddedPet" time="1.838" classname="com.adidas.APIAutomation.AddNewPet"/>
  <testcase name="testData" time="3.657" classname="com.adidas.APIAutomation.UpdatePetStatus"/>
  <testcase name="validatePutRequest" time="1.878" classname="com.adidas.APIAutomation.UpdatePetStatus"/>
  <testcase name="deletePet" time="1.882" classname="com.adidas.APIAutomation.DeletePet"/>
  <testcase name="validateDeletedPet" time="1.685" classname="com.adidas.APIAutomation.DeletePet"/>
</testsuite> <!-- Test -->
