<?xml version="1.0" encoding="UTF-8"?>
<!-- Generated by org.testng.reporters.JUnitXMLReporter -->
<testsuite hostname="M5291282" ignored="0" name="Test" tests="7" failures="0" timestamp="2020-10-27T00:16:09 IST" time="38.629" errors="0">
  <testcase name="getPetStatus" time="21.498" classname="com.adidas.APIAutomation.GetAvailablePets"/>
  <testcase name="testData" time="5.499" classname="com.adidas.APIAutomation.AddNewPet"/>
  <testcase name="validateAddedPet" time="1.836" classname="com.adidas.APIAutomation.AddNewPet"/>
  <testcase name="testData" time="3.54" classname="com.adidas.APIAutomation.UpdatePetStatus"/>
  <testcase name="validatePutRequest" time="1.636" classname="com.adidas.APIAutomation.UpdatePetStatus"/>
  <testcase name="deletePet" time="1.59" classname="com.adidas.APIAutomation.DeletePet"/>
  <testcase name="validateDeletedPet" time="1.968" classname="com.adidas.APIAutomation.DeletePet"/>
</testsuite> <!-- Test -->
