<?xml version="1.0" encoding="UTF-8"?>
<!-- Generated by org.testng.reporters.JUnitXMLReporter -->
<testsuite hostname="M5291282" ignored="0" name="Test" tests="7" failures="0" timestamp="2020-10-22T11:34:34 IST" time="28.567" errors="0">
  <testcase name="getStatus" time="10.825" classname="com.adidas.APIAutomation.GetAvailablePets"/>
  <testcase name="testData" time="6.165" classname="com.adidas.APIAutomation.AddNewPet"/>
  <testcase name="validateAddedPet" time="1.739" classname="com.adidas.APIAutomation.AddNewPet"/>
  <testcase name="testData" time="3.813" classname="com.adidas.APIAutomation.UpdatePetStatus"/>
  <testcase name="validatePutRequest" time="1.551" classname="com.adidas.APIAutomation.UpdatePetStatus"/>
  <testcase name="deletePet" time="1.505" classname="com.adidas.APIAutomation.DeletePet"/>
  <testcase name="validateDeletedPet" time="1.558" classname="com.adidas.APIAutomation.DeletePet"/>
</testsuite> <!-- Test -->
