<?xml version="1.0" encoding="UTF-8"?>
<testsuite name="TestSuite" time="27.159" tests="7" errors="0" skipped="0" failures="0">
  <properties>
[...]
</properties>
  <testcase name="getStatus" classname="com.adidas.APIAutomation.GetAvailablePets" time="10.825"/>
  <testcase name="testData" classname="com.adidas.APIAutomation.AddNewPet" time="6.167"/>
  <testcase name="validateAddedPet" classname="com.adidas.APIAutomation.AddNewPet" time="1.739"/>
  <testcase name="testData" classname="com.adidas.APIAutomation.UpdatePetStatus" time="3.813"/>
  <testcase name="validatePutRequest" classname="com.adidas.APIAutomation.UpdatePetStatus" time="1.551"/>
  <testcase name="deletePet" classname="com.adidas.APIAutomation.DeletePet" time="1.513"/>
  <testcase name="validateDeletedPet" classname="com.adidas.APIAutomation.DeletePet" time="1.551"/>
</testsuite>